[0m10:13:18.504708 [debug] [MainThread]: Sending event: {'category': 'dbt', 'action': 'invocation', 'label': 'start', 'context': [<snowplow_tracker.self_describing_json.SelfDescribingJson object at 0x705e21327620>, <snowplow_tracker.self_describing_json.SelfDescribingJson object at 0x705e2119f4a0>, <snowplow_tracker.self_describing_json.SelfDescribingJson object at 0x705e21325ac0>]}


============================== 10:13:18.510093 | dd476c71-34aa-4545-9c1f-2d9ac54cc36b ==============================
[0m10:13:18.510093 [info ] [MainThread]: Running with dbt=1.9.0
[0m10:13:18.510585 [debug] [MainThread]: running dbt with arguments {'printer_width': '80', 'indirect_selection': 'eager', 'log_cache_events': 'False', 'write_json': 'True', 'partial_parse': 'True', 'cache_selected_only': 'False', 'warn_error': 'None', 'version_check': 'True', 'profiles_dir': '/home/linh/.dbt', 'log_path': 'logs', 'fail_fast': 'False', 'debug': 'False', 'use_colors': 'True', 'use_experimental_parser': 'False', 'no_print': 'None', 'quiet': 'False', 'empty': 'None', 'warn_error_options': 'WarnErrorOptions(include=[], exclude=[])', 'invocation_command': 'dbt init transform', 'log_format': 'default', 'introspect': 'True', 'target_path': 'None', 'static_parser': 'True', 'send_anonymous_usage_stats': 'True'}
[0m10:13:18.515991 [warn ] [MainThread]: [ConfigFolderDirectory]: Unable to parse logging event dictionary. Failed to parse dir field: expected string or bytes-like object, got 'PosixPath'.. Dictionary: {'dir': PosixPath('/home/linh/.dbt')}
[0m10:13:18.516325 [info ] [MainThread]: Creating dbt configuration folder at 
[0m10:13:18.517472 [debug] [MainThread]: Starter project path: /home/linh/project/vibe_code/.venv/lib/python3.12/site-packages/dbt/include/starter_project
[0m10:13:18.520902 [info ] [MainThread]: 
Your new dbt project "transform" was created!

For more information on how to configure the profiles.yml file,
please consult the dbt documentation here:

  https://docs.getdbt.com/docs/configure-your-profile

One more thing:

Need help? Don't hesitate to reach out to us via GitHub issues or on Slack:

  https://community.getdbt.com/

Happy modeling!

[0m10:13:18.521488 [info ] [MainThread]: Setting up your profile.
[0m10:16:24.333857 [info ] [MainThread]: Profile transform written to /home/linh/.dbt/profiles.yml using target's profile_template.yml and your supplied values. Run 'dbt debug' to validate the connection.
[0m10:16:24.335200 [debug] [MainThread]: Resource report: {"command_name": "init", "command_success": true, "command_wall_clock_time": 185.8929, "process_in_blocks": "5032", "process_kernel_time": 0.259242, "process_mem_max_rss": "101440", "process_out_blocks": "80", "process_user_time": 1.104481}
[0m10:16:24.335690 [debug] [MainThread]: Command `dbt init` succeeded at 10:16:24.335602 after 185.89 seconds
[0m10:16:24.336029 [debug] [MainThread]: Sending event: {'category': 'dbt', 'action': 'invocation', 'label': 'end', 'context': [<snowplow_tracker.self_describing_json.SelfDescribingJson object at 0x705e21307140>, <snowplow_tracker.self_describing_json.SelfDescribingJson object at 0x705e2119c8c0>, <snowplow_tracker.self_describing_json.SelfDescribingJson object at 0x705e2119f4a0>]}
[0m10:16:24.336422 [debug] [MainThread]: Flushing usage events
[0m10:16:25.453944 [debug] [MainThread]: An error was encountered while trying to flush usage events
[0m16:35:19.206322 [debug] [MainThread]: Sending event: {'category': 'dbt', 'action': 'invocation', 'label': 'start', 'context': [<snowplow_tracker.self_describing_json.SelfDescribingJson object at 0x73098d0a9ee0>, <snowplow_tracker.self_describing_json.SelfDescribingJson object at 0x73098dfc2ea0>, <snowplow_tracker.self_describing_json.SelfDescribingJson object at 0x73098ee85490>]}


============================== 16:35:19.212362 | e3eb4378-0f5a-41ce-a9bd-da87d7af7d7a ==============================
[0m16:35:19.212362 [info ] [MainThread]: Running with dbt=1.9.0
[0m16:35:19.213385 [debug] [MainThread]: running dbt with arguments {'printer_width': '80', 'indirect_selection': 'eager', 'write_json': 'True', 'log_cache_events': 'False', 'partial_parse': 'True', 'cache_selected_only': 'False', 'warn_error': 'None', 'debug': 'False', 'profiles_dir': '/home/linh/.dbt', 'log_path': 'logs', 'version_check': 'True', 'fail_fast': 'False', 'use_colors': 'True', 'use_experimental_parser': 'False', 'empty': 'False', 'quiet': 'False', 'no_print': 'None', 'log_format': 'default', 'introspect': 'True', 'static_parser': 'True', 'warn_error_options': 'WarnErrorOptions(include=[], exclude=[])', 'target_path': 'None', 'invocation_command': 'dbt run', 'send_anonymous_usage_stats': 'True'}
[0m16:35:19.214181 [error] [MainThread]: Encountered an error:
Runtime Error
  No dbt_project.yml found at expected path /home/linh/project/vibe_code/dbt_project.yml
  Verify that each entry within packages.yml (and their transitive dependencies) contains a file named dbt_project.yml
  
[0m16:35:19.215758 [debug] [MainThread]: Resource report: {"command_name": "run", "command_success": false, "command_wall_clock_time": 0.09441069, "process_in_blocks": "8", "process_kernel_time": 0.249502, "process_mem_max_rss": "97552", "process_out_blocks": "16", "process_user_time": 1.314839}
[0m16:35:19.216550 [debug] [MainThread]: Command `dbt run` failed at 16:35:19.216400 after 0.10 seconds
[0m16:35:19.217092 [debug] [MainThread]: Sending event: {'category': 'dbt', 'action': 'invocation', 'label': 'end', 'context': [<snowplow_tracker.self_describing_json.SelfDescribingJson object at 0x73098cf9e1b0>, <snowplow_tracker.self_describing_json.SelfDescribingJson object at 0x73098cc887a0>, <snowplow_tracker.self_describing_json.SelfDescribingJson object at 0x73098c723770>]}
[0m16:35:19.217660 [debug] [MainThread]: Flushing usage events
[0m16:35:20.405001 [debug] [MainThread]: An error was encountered while trying to flush usage events
